[debug] [2022-11-04T20:15:19.783Z] ----------------------------------------------------------------------
[debug] [2022-11-04T20:15:19.786Z] Command:       R:\NodeJS\node.exe C:\Users\VADIK_PC\AppData\Roaming\npm\node_modules\firebase-tools\lib\bin\firebase.js init
[debug] [2022-11-04T20:15:19.787Z] CLI Version:   11.16.0
[debug] [2022-11-04T20:15:19.787Z] Platform:      win32
[debug] [2022-11-04T20:15:19.787Z] Node Version:  v16.17.0
[debug] [2022-11-04T20:15:19.788Z] Time:          Fri Nov 04 2022 23:15:19 GMT+0300 (Москва, стандартное время)
[debug] [2022-11-04T20:15:19.789Z] ----------------------------------------------------------------------
[debug] 
[debug] [2022-11-04T20:15:19.891Z] > command requires scopes: ["email","openid","https://www.googleapis.com/auth/cloudplatformprojects.readonly","https://www.googleapis.com/auth/firebase","https://www.googleapis.com/auth/cloud-platform"]
[debug] [2022-11-04T20:15:19.891Z] > authorizing via signed-in user (laifake97@gmail.com)
[info] 
     ######## #### ########  ######## ########     ###     ######  ########
     ##        ##  ##     ## ##       ##     ##  ##   ##  ##       ##
     ######    ##  ########  ######   ########  #########  ######  ######
     ##        ##  ##    ##  ##       ##     ## ##     ##       ## ##
     ##       #### ##     ## ######## ########  ##     ##  ######  ########

You're about to initialize a Firebase project in this directory:

  R:\React\React-projects\app-todo

Before we get started, keep in mind:

  * You are initializing within an existing Firebase project directory

[info] 
=== Project Setup
[info] 
[info] First, let's associate this project directory with a Firebase project.
[info] You can create multiple project aliases by running firebase use --add, 
[info] but for now we'll just set up a default project.
[info] 
[debug] [2022-11-04T20:15:26.909Z] Using project from CLI flag: totolist-19f14
[debug] [2022-11-04T20:15:26.913Z] >>> [apiv2][query] GET https://firebase.googleapis.com/v1beta1/projects/totolist-19f14 [none]
[debug] [2022-11-04T20:15:27.384Z] <<< [apiv2][status] GET https://firebase.googleapis.com/v1beta1/projects/totolist-19f14 200
[debug] [2022-11-04T20:15:27.385Z] <<< [apiv2][body] GET https://firebase.googleapis.com/v1beta1/projects/totolist-19f14 {"projectId":"totolist-19f14","projectNumber":"413524396942","displayName":"Project97","name":"projects/totolist-19f14","resources":{"hostingSite":"totolist-19f14","realtimeDatabaseInstance":"totolist-19f14-default-rtdb","storageBucket":"totolist-19f14.appspot.com","locationId":"us-central"},"state":"ACTIVE","etag":"1_808475ce-243f-4f3e-b411-466e5c9620e1"}
[info] i  Using project totolist-19f14 (Project97) 
[info] 
=== Functions Setup
[debug] [2022-11-04T20:15:27.407Z] > command requires scopes: ["email","openid","https://www.googleapis.com/auth/cloudplatformprojects.readonly","https://www.googleapis.com/auth/firebase","https://www.googleapis.com/auth/cloud-platform"]
[debug] [2022-11-04T20:15:27.408Z] > authorizing via signed-in user (laifake97@gmail.com)
[debug] [2022-11-04T20:15:27.408Z] [iam] checking project totolist-19f14 for permissions ["firebase.projects.get"]
[debug] [2022-11-04T20:15:27.409Z] >>> [apiv2][query] POST https://cloudresourcemanager.googleapis.com/v1/projects/totolist-19f14:testIamPermissions [none]
[debug] [2022-11-04T20:15:27.409Z] >>> [apiv2][(partial)header] POST https://cloudresourcemanager.googleapis.com/v1/projects/totolist-19f14:testIamPermissions x-goog-quota-user=projects/totolist-19f14
[debug] [2022-11-04T20:15:27.409Z] >>> [apiv2][body] POST https://cloudresourcemanager.googleapis.com/v1/projects/totolist-19f14:testIamPermissions {"permissions":["firebase.projects.get"]}
[debug] [2022-11-04T20:15:28.287Z] <<< [apiv2][status] POST https://cloudresourcemanager.googleapis.com/v1/projects/totolist-19f14:testIamPermissions 200
[debug] [2022-11-04T20:15:28.287Z] <<< [apiv2][body] POST https://cloudresourcemanager.googleapis.com/v1/projects/totolist-19f14:testIamPermissions {"permissions":["firebase.projects.get"]}
[debug] [2022-11-04T20:15:28.288Z] >>> [apiv2][query] GET https://serviceusage.googleapis.com/v1/projects/totolist-19f14/services/cloudfunctions.googleapis.com [none]
[debug] [2022-11-04T20:15:28.288Z] >>> [apiv2][(partial)header] GET https://serviceusage.googleapis.com/v1/projects/totolist-19f14/services/cloudfunctions.googleapis.com x-goog-quota-user=projects/totolist-19f14
[debug] [2022-11-04T20:15:28.289Z] >>> [apiv2][query] GET https://serviceusage.googleapis.com/v1/projects/totolist-19f14/services/runtimeconfig.googleapis.com [none]
[debug] [2022-11-04T20:15:28.289Z] >>> [apiv2][(partial)header] GET https://serviceusage.googleapis.com/v1/projects/totolist-19f14/services/runtimeconfig.googleapis.com x-goog-quota-user=projects/totolist-19f14
[debug] [2022-11-04T20:15:29.400Z] <<< [apiv2][status] GET https://serviceusage.googleapis.com/v1/projects/totolist-19f14/services/runtimeconfig.googleapis.com 200
[debug] [2022-11-04T20:15:29.400Z] <<< [apiv2][body] GET https://serviceusage.googleapis.com/v1/projects/totolist-19f14/services/runtimeconfig.googleapis.com [omitted]
[debug] [2022-11-04T20:15:29.401Z] <<< [apiv2][status] GET https://serviceusage.googleapis.com/v1/projects/totolist-19f14/services/cloudfunctions.googleapis.com 200
[debug] [2022-11-04T20:15:29.402Z] <<< [apiv2][body] GET https://serviceusage.googleapis.com/v1/projects/totolist-19f14/services/cloudfunctions.googleapis.com [omitted]
[debug] [2022-11-04T20:15:29.402Z] >>> [apiv2][query] POST https://serviceusage.googleapis.com/v1/projects/totolist-19f14/services/cloudfunctions.googleapis.com:enable [none]
[debug] [2022-11-04T20:15:29.402Z] >>> [apiv2][(partial)header] POST https://serviceusage.googleapis.com/v1/projects/totolist-19f14/services/cloudfunctions.googleapis.com:enable x-goog-quota-user=projects/totolist-19f14
[debug] [2022-11-04T20:15:30.965Z] <<< [apiv2][status] POST https://serviceusage.googleapis.com/v1/projects/totolist-19f14/services/cloudfunctions.googleapis.com:enable 200
[debug] [2022-11-04T20:15:30.965Z] <<< [apiv2][body] POST https://serviceusage.googleapis.com/v1/projects/totolist-19f14/services/cloudfunctions.googleapis.com:enable [omitted]
[debug] [2022-11-04T20:15:40.967Z] >>> [apiv2][query] GET https://serviceusage.googleapis.com/v1/projects/totolist-19f14/services/cloudfunctions.googleapis.com [none]
[debug] [2022-11-04T20:15:40.968Z] >>> [apiv2][(partial)header] GET https://serviceusage.googleapis.com/v1/projects/totolist-19f14/services/cloudfunctions.googleapis.com x-goog-quota-user=projects/totolist-19f14
[debug] [2022-11-04T20:15:42.018Z] <<< [apiv2][status] GET https://serviceusage.googleapis.com/v1/projects/totolist-19f14/services/cloudfunctions.googleapis.com 200
[debug] [2022-11-04T20:15:42.018Z] <<< [apiv2][body] GET https://serviceusage.googleapis.com/v1/projects/totolist-19f14/services/cloudfunctions.googleapis.com [omitted]
[info] Let's create a new codebase for your functions.
[info] A directory corresponding to the codebase will be created in your project
[info] with sample code pre-configured.

[info] See https://firebase.google.com/docs/functions/organize-functions for
[info] more information on organizing your functions using codebases.

[info] Functions can be deployed with firebase deploy.

[info] +  Wrote functions/package.json 
[info] +  Wrote functions/index.js 
[info] +  Wrote functions/.gitignore 
